<?xml version="1.0" encoding="UTF-8"?>
<testng-results skipped="0" failed="0" total="2" passed="2">
  <reporter-output>
  </reporter-output>
  <suite name="Regression Suite" duration-ms="82531" started-at="2019-08-30T07:20:49Z" finished-at="2019-08-30T07:22:11Z">
    <groups>
    </groups>
    <test name="Regression Test Cycle-1" duration-ms="82531" started-at="2019-08-30T07:20:49Z" finished-at="2019-08-30T07:22:11Z">
      <class name="TestNG.NewTest">
        <test-method status="PASS" signature="beforeMethod()[pri:0, instance:TestNG.NewTest@56f4468b]" name="beforeMethod" is-config="true" duration-ms="45531" started-at="2019-08-30T12:50:49Z" finished-at="2019-08-30T12:51:34Z">
          <reporter-output>
          </reporter-output>
        </test-method> <!-- beforeMethod -->
        <test-method status="PASS" signature="t1(java.lang.String, java.lang.String)[pri:0, instance:TestNG.NewTest@56f4468b]" name="t1" duration-ms="1300" started-at="2019-08-30T12:51:34Z" data-provider="Sample" finished-at="2019-08-30T12:51:36Z">
          <params>
            <param index="0">
              <value>
                <![CDATA[Madhuri]]>
              </value>
            </param>
            <param index="1">
              <value>
                <![CDATA[abcdefg]]>
              </value>
            </param>
          </params>
          <reporter-output>
          </reporter-output>
        </test-method> <!-- t1 -->
        <test-method status="PASS" signature="afterMethod()[pri:0, instance:TestNG.NewTest@56f4468b]" name="afterMethod" is-config="true" duration-ms="295" started-at="2019-08-30T12:51:36Z" finished-at="2019-08-30T12:51:36Z">
          <reporter-output>
          </reporter-output>
        </test-method> <!-- afterMethod -->
        <test-method status="PASS" signature="beforeMethod()[pri:0, instance:TestNG.NewTest@56f4468b]" name="beforeMethod" is-config="true" duration-ms="34617" started-at="2019-08-30T12:51:36Z" finished-at="2019-08-30T12:52:11Z">
          <reporter-output>
          </reporter-output>
        </test-method> <!-- beforeMethod -->
        <test-method status="PASS" signature="t1(java.lang.String, java.lang.String)[pri:0, instance:TestNG.NewTest@56f4468b]" name="t1" duration-ms="674" started-at="2019-08-30T12:52:11Z" data-provider="Sample" finished-at="2019-08-30T12:52:11Z">
          <params>
            <param index="0">
              <value>
                <![CDATA[Madhuri1]]>
              </value>
            </param>
            <param index="1">
              <value>
                <![CDATA[khakhda]]>
              </value>
            </param>
          </params>
          <reporter-output>
          </reporter-output>
        </test-method> <!-- t1 -->
        <test-method status="PASS" signature="afterMethod()[pri:0, instance:TestNG.NewTest@56f4468b]" name="afterMethod" is-config="true" duration-ms="91" started-at="2019-08-30T12:52:11Z" finished-at="2019-08-30T12:52:11Z">
          <reporter-output>
          </reporter-output>
        </test-method> <!-- afterMethod -->
      </class> <!-- TestNG.NewTest -->
    </test> <!-- Regression Test Cycle-1 -->
  </suite> <!-- Regression Suite -->
</testng-results>
