<?xml version="1.0" encoding="UTF-8"?>
<testng-results skipped="0" failed="0" total="3" passed="3">
  <reporter-output>
  </reporter-output>
  <suite name="Default suite" duration-ms="77" started-at="2019-09-05T06:00:43Z" finished-at="2019-09-05T06:00:43Z">
    <groups>
    </groups>
    <test name="Default test" duration-ms="77" started-at="2019-09-05T06:00:43Z" finished-at="2019-09-05T06:00:43Z">
      <class name="TestNG.SampleTest$NewTest">
        <test-method status="PASS" signature="beforeTest()[pri:0, instance:TestNG.SampleTest$NewTest@1810399e]" name="beforeTest" is-config="true" duration-ms="12" started-at="2019-09-05T11:30:43Z" finished-at="2019-09-05T11:30:43Z">
          <reporter-output>
          </reporter-output>
        </test-method> <!-- beforeTest -->
        <test-method status="PASS" signature="beforeClass()[pri:0, instance:TestNG.SampleTest$NewTest@1810399e]" name="beforeClass" is-config="true" duration-ms="0" started-at="2019-09-05T11:30:43Z" finished-at="2019-09-05T11:30:43Z">
          <reporter-output>
          </reporter-output>
        </test-method> <!-- beforeClass -->
        <test-method status="PASS" signature="f2()[pri:1, instance:TestNG.SampleTest$NewTest@1810399e]" name="f2" duration-ms="7" started-at="2019-09-05T11:30:43Z" finished-at="2019-09-05T11:30:43Z">
          <reporter-output>
          </reporter-output>
        </test-method> <!-- f2 -->
        <test-method status="PASS" signature="f()[pri:2, instance:TestNG.SampleTest$NewTest@1810399e]" name="f" duration-ms="14" started-at="2019-09-05T11:30:43Z" finished-at="2019-09-05T11:30:43Z">
          <reporter-output>
          </reporter-output>
        </test-method> <!-- f -->
        <test-method status="PASS" signature="f1()[pri:3, instance:TestNG.SampleTest$NewTest@1810399e]" name="f1" duration-ms="4" started-at="2019-09-05T11:30:43Z" finished-at="2019-09-05T11:30:43Z">
          <reporter-output>
          </reporter-output>
        </test-method> <!-- f1 -->
        <test-method status="PASS" signature="afterClass()[pri:0, instance:TestNG.SampleTest$NewTest@1810399e]" name="afterClass" is-config="true" duration-ms="1" started-at="2019-09-05T11:30:43Z" finished-at="2019-09-05T11:30:43Z">
          <reporter-output>
          </reporter-output>
        </test-method> <!-- afterClass -->
        <test-method status="PASS" signature="afterTest()[pri:0, instance:TestNG.SampleTest$NewTest@1810399e]" name="afterTest" is-config="true" duration-ms="1" started-at="2019-09-05T11:30:43Z" finished-at="2019-09-05T11:30:43Z">
          <reporter-output>
          </reporter-output>
        </test-method> <!-- afterTest -->
      </class> <!-- TestNG.SampleTest$NewTest -->
    </test> <!-- Default test -->
  </suite> <!-- Default suite -->
</testng-results>
